<?xml version="1.0" encoding="UTF-8"?>
<!-- Generated by org.testng.reporters.JUnitReportReporter -->
<testsuite hostname="Pawan" failures="0" tests="1" name="TestCases.Test1_Registration" time="19.899" errors="0" timestamp="2023-06-18T18:36:07 PDT" skipped="0">
  <testcase classname="TestCases.Test1_Registration" name="lunchBrowser" time="19.899"/>
  <system-out/>
</testsuite> <!-- TestCases.Test1_Registration -->
