<?xml version="1.0" encoding="UTF-8"?>
<!-- Generated by org.testng.reporters.JUnitReportReporter -->
<testsuite hostname="Pawan" failures="0" tests="1" name="Utilities.AppTest" time="0.004" errors="0" timestamp="2023-06-18T18:36:08 PDT" skipped="0">
  <testcase classname="Utilities.AppTest" name="shouldAnswerWithTrue" time="0.004"/>
  <system-out/>
</testsuite> <!-- Utilities.AppTest -->
