<?xml version="1.0" encoding="UTF-8"?>
<!-- Generated by org.testng.reporters.JUnitReportReporter -->
<testsuite hostname="Pawan" failures="0" tests="1" name="TestCases.Test1_Registration" time="22.035" errors="0" timestamp="2023-07-06T12:46:51 PDT" skipped="0">
  <testcase classname="TestCases.Test1_Registration" name="Test1_navigateToResgistrationPage" time="22.035"/>
  <system-out/>
</testsuite> <!-- TestCases.Test1_Registration -->
