<?xml version="1.0" encoding="UTF-8"?>
<!-- Generated by org.testng.reporters.JUnitReportReporter -->
<testsuite hostname="Pawan" failures="0" tests="1" name="TestCases.Test2_Registration" time="20.683" errors="0" timestamp="2023-07-07T14:16:51 PDT" skipped="0">
  <testcase classname="TestCases.Test2_Registration" name="test_UserRegistration" time="20.683"/>
  <system-out/>
</testsuite> <!-- TestCases.Test2_Registration -->
