<?xml version="1.0" encoding="UTF-8"?>
<!-- Generated by org.testng.reporters.JUnitReportReporter -->
<testsuite hostname="Pawan" failures="0" tests="6" name="TestCases.Test_End2End_Flow" time="37.337" errors="0" timestamp="2023-07-08T17:37:07 PDT" skipped="0">
  <testcase classname="TestCases.Test_End2End_Flow" name="test_HomePage" time="0.375"/>
  <system-out/>
  <testcase classname="TestCases.Test_End2End_Flow" name="test_UserRegistration" time="8.795"/>
  <system-out/>
  <testcase classname="TestCases.Test_End2End_Flow" name="test_AddProductToCart" time="9.731"/>
  <system-out/>
  <testcase classname="TestCases.Test_End2End_Flow" name="test_AddProductToCart" time="9.626"/>
  <system-out/>
  <testcase classname="TestCases.Test_End2End_Flow" name="test_CheckoutPageFunctionality" time="6.707"/>
  <system-out/>
  <testcase classname="TestCases.Test_End2End_Flow" name="test_OrderConfirmationPage" time="2.103"/>
  <system-out/>
</testsuite> <!-- TestCases.Test_End2End_Flow -->
