<?xml version="1.0" encoding="UTF-8"?>
<!-- Generated by org.testng.reporters.JUnitReportReporter -->
<testsuite hostname="Pawan" failures="0" tests="6" name="TestCases.E2E_Test1" time="35.415" errors="0" timestamp="2023-07-08T16:39:17 PDT" skipped="0">
  <testcase classname="TestCases.E2E_Test1" name="test_HomePage" time="0.581"/>
  <system-out/>
  <testcase classname="TestCases.E2E_Test1" name="test_UserRegistration" time="9.141"/>
  <system-out/>
  <testcase classname="TestCases.E2E_Test1" name="test_AddProductToCart" time="9.759"/>
  <system-out/>
  <testcase classname="TestCases.E2E_Test1" name="test_AddProductToCart" time="9.682"/>
  <system-out/>
  <testcase classname="TestCases.E2E_Test1" name="test_CheckoutPageFunctionality" time="4.137"/>
  <system-out/>
  <testcase classname="TestCases.E2E_Test1" name="test_OrderConfirmationPage" time="2.115"/>
  <system-out/>
</testsuite> <!-- TestCases.E2E_Test1 -->
