<?xml version="1.0" encoding="UTF-8"?>
<!-- Generated by org.testng.reporters.JUnitReportReporter -->
<testsuite hostname="Pawan" failures="0" tests="1" name="TestCases.Test1_Home" time="16.344" errors="0" timestamp="2023-07-07T14:11:01 PDT" skipped="0">
  <testcase classname="TestCases.Test1_Home" name="test_PageTitle" time="16.344"/>
  <system-out/>
</testsuite> <!-- TestCases.Test1_Home -->
