<?xml version="1.0" encoding="UTF-8"?>
<!-- Generated by org.testng.reporters.JUnitReportReporter -->
<testsuite hostname="Pawan" failures="0" tests="6" name="TestCases.Test_End2End_Flow" time="37.507" errors="0" timestamp="2023-07-17T20:53:52 PDT" skipped="0">
  <testcase classname="TestCases.Test_End2End_Flow" name="test_HomePage" time="0.342"/>
  <system-out/>
  <testcase classname="TestCases.Test_End2End_Flow" name="test_UserRegistration" time="8.852"/>
  <system-out/>
  <testcase classname="TestCases.Test_End2End_Flow" name="test_AddProductToCart" time="9.688"/>
  <system-out/>
  <testcase classname="TestCases.Test_End2End_Flow" name="test_AddProductToCart" time="9.653"/>
  <system-out/>
  <testcase classname="TestCases.Test_End2End_Flow" name="test_CheckoutPageFunctionality" time="6.867"/>
  <system-out/>
  <testcase classname="TestCases.Test_End2End_Flow" name="test_OrderConfirmationPage" time="2.105"/>
  <system-out/>
</testsuite> <!-- TestCases.Test_End2End_Flow -->
