<?xml version="1.0" encoding="UTF-8"?>
<!-- Generated by org.testng.reporters.JUnitReportReporter -->
<testsuite hostname="Pawan" failures="0" tests="6" name="TestCases.Test_End2End_Flow" time="41.019" errors="0" timestamp="2023-07-08T16:59:05 PDT" skipped="0">
  <testcase classname="TestCases.Test_End2End_Flow" name="test_HomePage" time="0.681"/>
  <system-out/>
  <testcase classname="TestCases.Test_End2End_Flow" name="test_UserRegistration" time="12.117"/>
  <system-out/>
  <testcase classname="TestCases.Test_End2End_Flow" name="test_AddProductToCart" time="9.694"/>
  <system-out/>
  <testcase classname="TestCases.Test_End2End_Flow" name="test_AddProductToCart" time="9.601"/>
  <system-out/>
  <testcase classname="TestCases.Test_End2End_Flow" name="test_CheckoutPageFunctionality" time="6.838"/>
  <system-out/>
  <testcase classname="TestCases.Test_End2End_Flow" name="test_OrderConfirmationPage" time="2.088"/>
  <system-out/>
</testsuite> <!-- TestCases.Test_End2End_Flow -->
