<?xml version="1.0" encoding="UTF-8"?>
<!-- Generated by org.testng.reporters.JUnitReportReporter -->
<testsuite hostname="Pawan" failures="0" tests="1" name="TestCases.Test1_Registration" time="19.108" errors="0" timestamp="2023-06-18T20:18:32 PDT" skipped="0">
  <testcase classname="TestCases.Test1_Registration" name="Test1_navigateToResgistrationPage" time="19.108"/>
  <system-out/>
</testsuite> <!-- TestCases.Test1_Registration -->
